Sunlight hours. Starting capture cycle.

Capture starting at 2023-09-04 10:34:46.412985:

Library version: 3.1.0.79

Number of cameras detected: 1

Running capture cycle for camera 0...

*** DEVICE INFORMATION ***

DeviceID: USB\VID_1E10&SRL_01539FE6
DeviceSerialNumber: 22257638
DeviceUserID: 
DeviceVendorName: Point Grey Research
DeviceModelName: Flea3 FL3-U3-13E4C
DeviceVersion: FW:v2.15.3.03 FPGA:v2.02
DeviceBootloaderVersion: Node not readable
DeviceType: USB3Vision
DeviceDisplayName: Point Grey Research
DeviceAccessStatus: OpenReadWrite
DeviceDriverVersion: none : 0.0.0.0
DeviceIsUpdater: 0
DeviceInstanceId: USB\VID_1E10&SRL_01539FE6
DeviceLocation: 
DeviceCurrentSpeed: SuperSpeed
DeviceU3VProtocol: 1
DevicePortId: 
GenICamXMLLocation: Device
GenICamXMLPath: 
GUIXMLLocation: Device
GUIXMLPath: Input.xml

*** SETTING CAMERA PARAMETERS ***

Current frame rate: 60 
Frame rate set to: 5 
Image exposure set to: 2 
Image exposure set to: 2 
Current OffsetX : 0 
Image OffsetX set to: 0 
Current OffsetX : 0 
Image OffsetX set to: 0 

*** IMAGE ACQUISITION ***

Acquisition mode set to continuous...

 *** Acquiring images ***

Image saved at 22257638-20230904_103446-000000.jpeg
Image saved at 22257638-20230904_103446-000001.jpeg
Image saved at 22257638-20230904_103446-000002.jpeg
Image saved at 22257638-20230904_103446-000003.jpeg
Image saved at 22257638-20230904_103446-000004.jpeg
Image saved at 22257638-20230904_103446-000005.jpeg
Image saved at 22257638-20230904_103446-000006.jpeg
Image saved at 22257638-20230904_103446-000007.jpeg
Image saved at 22257638-20230904_103446-000008.jpeg
Image saved at 22257638-20230904_103446-000009.jpeg
Image saved at 22257638-20230904_103446-000010.jpeg
Image saved at 22257638-20230904_103446-000011.jpeg
Image saved at 22257638-20230904_103446-000012.jpeg
Image saved at 22257638-20230904_103446-000013.jpeg
Image saved at 22257638-20230904_103446-000014.jpeg
Image saved at 22257638-20230904_103446-000015.jpeg
Image saved at 22257638-20230904_103446-000016.jpeg
Image saved at 22257638-20230904_103446-000017.jpeg
Image saved at 22257638-20230904_103446-000018.jpeg
Image saved at 22257638-20230904_103446-000019.jpeg
Image saved at 22257638-20230904_103446-000020.jpeg
Image saved at 22257638-20230904_103446-000021.jpeg
Image saved at 22257638-20230904_103446-000022.jpeg
Image saved at 22257638-20230904_103446-000023.jpeg
Image saved at 22257638-20230904_103446-000024.jpeg
Image saved at 22257638-20230904_103446-000025.jpeg
Image saved at 22257638-20230904_103446-000026.jpeg
Image saved at 22257638-20230904_103446-000027.jpeg
Image saved at 22257638-20230904_103446-000028.jpeg
Image saved at 22257638-20230904_103446-000029.jpeg
Image saved at 22257638-20230904_103446-000030.jpeg
Image saved at 22257638-20230904_103446-000031.jpeg
Image saved at 22257638-20230904_103446-000032.jpeg
Image saved at 22257638-20230904_103446-000033.jpeg
Image saved at 22257638-20230904_103446-000034.jpeg
Image saved at 22257638-20230904_103446-000035.jpeg
Image saved at 22257638-20230904_103446-000036.jpeg
Image saved at 22257638-20230904_103446-000037.jpeg
Image saved at 22257638-20230904_103446-000038.jpeg
Image saved at 22257638-20230904_103446-000039.jpeg
Image saved at 22257638-20230904_103446-000040.jpeg
Image saved at 22257638-20230904_103446-000041.jpeg
Image saved at 22257638-20230904_103446-000042.jpeg
Image saved at 22257638-20230904_103446-000043.jpeg
Image saved at 22257638-20230904_103446-000044.jpeg
Image saved at 22257638-20230904_103446-000045.jpeg
Image saved at 22257638-20230904_103446-000046.jpeg
Image saved at 22257638-20230904_103446-000047.jpeg
Image saved at 22257638-20230904_103446-000048.jpeg
Image saved at 22257638-20230904_103446-000049.jpeg
Image saved at 22257638-20230904_103446-000050.jpeg
Image saved at 22257638-20230904_103446-000051.jpeg
Image saved at 22257638-20230904_103446-000052.jpeg
Image saved at 22257638-20230904_103446-000053.jpeg
Image saved at 22257638-20230904_103446-000054.jpeg
Image saved at 22257638-20230904_103446-000055.jpeg
Image saved at 22257638-20230904_103446-000056.jpeg
Image saved at 22257638-20230904_103446-000057.jpeg
Image saved at 22257638-20230904_103446-000058.jpeg
Image saved at 22257638-20230904_103446-000059.jpeg
Image saved at 22257638-20230904_103446-000060.jpeg
Image saved at 22257638-20230904_103446-000061.jpeg
Image saved at 22257638-20230904_103446-000062.jpeg
Image saved at 22257638-20230904_103446-000063.jpeg
Image saved at 22257638-20230904_103446-000064.jpeg
Image saved at 22257638-20230904_103446-000065.jpeg
Image saved at 22257638-20230904_103446-000066.jpeg
Image saved at 22257638-20230904_103446-000067.jpeg
Image saved at 22257638-20230904_103446-000068.jpeg
Image saved at 22257638-20230904_103446-000069.jpeg
Image saved at 22257638-20230904_103446-000070.jpeg
Image saved at 22257638-20230904_103446-000071.jpeg
Image saved at 22257638-20230904_103446-000072.jpeg
Image saved at 22257638-20230904_103446-000073.jpeg
Image saved at 22257638-20230904_103446-000074.jpeg
Image saved at 22257638-20230904_103446-000075.jpeg
Image saved at 22257638-20230904_103446-000076.jpeg
Image saved at 22257638-20230904_103446-000077.jpeg
Image saved at 22257638-20230904_103446-000078.jpeg
Image saved at 22257638-20230904_103446-000079.jpeg
Image saved at 22257638-20230904_103446-000080.jpeg
Image saved at 22257638-20230904_103446-000081.jpeg
Image saved at 22257638-20230904_103446-000082.jpeg
Image saved at 22257638-20230904_103446-000083.jpeg
Image saved at 22257638-20230904_103446-000084.jpeg
Image saved at 22257638-20230904_103446-000085.jpeg
Image saved at 22257638-20230904_103446-000086.jpeg
Image saved at 22257638-20230904_103446-000087.jpeg
Image saved at 22257638-20230904_103446-000088.jpeg
Image saved at 22257638-20230904_103446-000089.jpeg
Image saved at 22257638-20230904_103446-000090.jpeg
Image saved at 22257638-20230904_103446-000091.jpeg
Image saved at 22257638-20230904_103446-000092.jpeg
Image saved at 22257638-20230904_103446-000093.jpeg
Image saved at 22257638-20230904_103446-000094.jpeg
Image saved at 22257638-20230904_103446-000095.jpeg
Image saved at 22257638-20230904_103446-000096.jpeg
Image saved at 22257638-20230904_103446-000097.jpeg
Image saved at 22257638-20230904_103446-000098.jpeg
Image saved at 22257638-20230904_103446-000099.jpeg
Image saved at 22257638-20230904_103446-000100.jpeg
Image saved at 22257638-20230904_103446-000101.jpeg
Image saved at 22257638-20230904_103446-000102.jpeg
Image saved at 22257638-20230904_103446-000103.jpeg
Image saved at 22257638-20230904_103446-000104.jpeg
Image saved at 22257638-20230904_103446-000105.jpeg
Image saved at 22257638-20230904_103446-000106.jpeg
Image saved at 22257638-20230904_103446-000107.jpeg
Image saved at 22257638-20230904_103446-000108.jpeg
Image saved at 22257638-20230904_103446-000109.jpeg
Image saved at 22257638-20230904_103446-000110.jpeg
Image saved at 22257638-20230904_103446-000111.jpeg
Image saved at 22257638-20230904_103446-000112.jpeg
Image saved at 22257638-20230904_103446-000113.jpeg
Image saved at 22257638-20230904_103446-000114.jpeg
Image saved at 22257638-20230904_103446-000115.jpeg
Image saved at 22257638-20230904_103446-000116.jpeg
Image saved at 22257638-20230904_103446-000117.jpeg
Image saved at 22257638-20230904_103446-000118.jpeg
Image saved at 22257638-20230904_103446-000119.jpeg
Image saved at 22257638-20230904_103446-000120.jpeg
Image saved at 22257638-20230904_103446-000121.jpeg
Image saved at 22257638-20230904_103446-000122.jpeg
Image saved at 22257638-20230904_103446-000123.jpeg
Image saved at 22257638-20230904_103446-000124.jpeg
Image saved at 22257638-20230904_103446-000125.jpeg
Image saved at 22257638-20230904_103446-000126.jpeg
Image saved at 22257638-20230904_103446-000127.jpeg
Image saved at 22257638-20230904_103446-000128.jpeg
Image saved at 22257638-20230904_103446-000129.jpeg
Image saved at 22257638-20230904_103446-000130.jpeg
Image saved at 22257638-20230904_103446-000131.jpeg
Image saved at 22257638-20230904_103446-000132.jpeg
Image saved at 22257638-20230904_103446-000133.jpeg
Image saved at 22257638-20230904_103446-000134.jpeg
Image saved at 22257638-20230904_103446-000135.jpeg
Image saved at 22257638-20230904_103446-000136.jpeg
Image saved at 22257638-20230904_103446-000137.jpeg
Image saved at 22257638-20230904_103446-000138.jpeg
Image saved at 22257638-20230904_103446-000139.jpeg
Image saved at 22257638-20230904_103446-000140.jpeg
Image saved at 22257638-20230904_103446-000141.jpeg
Image saved at 22257638-20230904_103446-000142.jpeg
Image saved at 22257638-20230904_103446-000143.jpeg
Image saved at 22257638-20230904_103446-000144.jpeg
Image saved at 22257638-20230904_103446-000145.jpeg
Image saved at 22257638-20230904_103446-000146.jpeg
Image saved at 22257638-20230904_103446-000147.jpeg
Image saved at 22257638-20230904_103446-000148.jpeg
Image saved at 22257638-20230904_103446-000149.jpeg

Camera 0 example complete... 

My work is done!

Last frame saved:
data/BlastBeach/20230904_1000/22257638-20230904_103446-000149.jpeg
